<?xml version="1.0" encoding="UTF-8"?>
<!-- Generated by org.testng.reporters.JUnitReportReporter -->
<testsuite hostname="W-PF26LXWQ" failures="0" tests="1" name="com.rest.test.GetTest" time="1.879" errors="0" timestamp="2021-08-07T21:14:08 IST" skipped="0">
  <testcase classname="com.rest.test.GetTest" name="GetRequest" time="1.879"/>
  <system-out/>
</testsuite> <!-- com.rest.test.GetTest -->
